<?xml version="1.0" encoding="UTF-8"?>
<!-- Generated by org.testng.reporters.JUnitReportReporter -->
<testsuite hostname="DESKTOP-2A926AS" failures="0" tests="1" name="demo_Process_1" time="10.506" errors="0" timestamp="2024-01-16T11:42:46 IST" skipped="0">
  <testcase classname="demo_Process_1" name="login" time="10.506"/>
</testsuite> <!-- demo_Process_1 -->
