<?xml version="1.0" encoding="UTF-8"?>
<!-- Generated by org.testng.reporters.JUnitReportReporter -->
<testsuite hostname="DESKTOP-2A926AS" failures="0" tests="1" name="demo" time="28.111" errors="0" timestamp="2024-01-16T10:52:10 IST" skipped="0">
  <testcase classname="demo" name="Register" time="28.111"/>
</testsuite> <!-- demo -->
